Determining if the pthread_create exist failed with the following output:
Change Dir: /home/workstation3/catkin_ws/build/CMakeFiles/CMakeTmp

Run Build Command:/usr/bin/make "cmTryCompileExec516538310/fast"
/usr/bin/make -f CMakeFiles/cmTryCompileExec516538310.dir/build.make CMakeFiles/cmTryCompileExec516538310.dir/build
make[1]: Entering directory `/home/workstation3/catkin_ws/build/CMakeFiles/CMakeTmp'
/usr/bin/cmake -E cmake_progress_report /home/workstation3/catkin_ws/build/CMakeFiles/CMakeTmp/CMakeFiles 1
Building C object CMakeFiles/cmTryCompileExec516538310.dir/CheckSymbolExists.c.o
/usr/bin/cc    -o CMakeFiles/cmTryCompileExec516538310.dir/CheckSymbolExists.c.o   -c /home/workstation3/catkin_ws/build/CMakeFiles/CMakeTmp/CheckSymbolExists.c
Linking C executable cmTryCompileExec516538310
/usr/bin/cmake -E cmake_link_script CMakeFiles/cmTryCompileExec516538310.dir/link.txt --verbose=1
/usr/bin/cc       CMakeFiles/cmTryCompileExec516538310.dir/CheckSymbolExists.c.o  -o cmTryCompileExec516538310 -rdynamic 
CMakeFiles/cmTryCompileExec516538310.dir/CheckSymbolExists.c.o: In function `main':
CheckSymbolExists.c:(.text+0x16): undefined reference to `pthread_create'
collect2: error: ld returned 1 exit status
make[1]: *** [cmTryCompileExec516538310] Error 1
make[1]: Leaving directory `/home/workstation3/catkin_ws/build/CMakeFiles/CMakeTmp'
make: *** [cmTryCompileExec516538310/fast] Error 2

File /home/workstation3/catkin_ws/build/CMakeFiles/CMakeTmp/CheckSymbolExists.c:
/* */
#include <pthread.h>

int main(int argc, char** argv)
{
  (void)argv;
#ifndef pthread_create
  return ((int*)(&pthread_create))[argc];
#else
  (void)argc;
  return 0;
#endif
}

Determining if the function pthread_create exists in the pthreads failed with the following output:
Change Dir: /home/workstation3/catkin_ws/build/CMakeFiles/CMakeTmp

Run Build Command:/usr/bin/make "cmTryCompileExec4113420492/fast"
/usr/bin/make -f CMakeFiles/cmTryCompileExec4113420492.dir/build.make CMakeFiles/cmTryCompileExec4113420492.dir/build
make[1]: Entering directory `/home/workstation3/catkin_ws/build/CMakeFiles/CMakeTmp'
/usr/bin/cmake -E cmake_progress_report /home/workstation3/catkin_ws/build/CMakeFiles/CMakeTmp/CMakeFiles 1
Building C object CMakeFiles/cmTryCompileExec4113420492.dir/CheckFunctionExists.c.o
/usr/bin/cc   -DCHECK_FUNCTION_EXISTS=pthread_create   -o CMakeFiles/cmTryCompileExec4113420492.dir/CheckFunctionExists.c.o   -c /usr/share/cmake-2.8/Modules/CheckFunctionExists.c
Linking C executable cmTryCompileExec4113420492
/usr/bin/cmake -E cmake_link_script CMakeFiles/cmTryCompileExec4113420492.dir/link.txt --verbose=1
/usr/bin/cc   -DCHECK_FUNCTION_EXISTS=pthread_create    CMakeFiles/cmTryCompileExec4113420492.dir/CheckFunctionExists.c.o  -o cmTryCompileExec4113420492 -rdynamic -lpthreads 
/usr/bin/ld: cannot find -lpthreads
collect2: error: ld returned 1 exit status
make[1]: Leaving directory `/home/workstation3/catkin_ws/build/CMakeFiles/CMakeTmp'
make[1]: *** [cmTryCompileExec4113420492] Error 1
make: *** [cmTryCompileExec4113420492/fast] Error 2


